0 info it worked if it ends with ok
1 verbose cli [ '/Users/apprentice/.nvm/versions/node/v5.8.0/bin/node',
1 verbose cli   '/Users/apprentice/.nvm/versions/node/v5.8.0/bin/npm',
1 verbose cli   'run',
1 verbose cli   'test' ]
2 info using npm@3.7.3
3 info using node@v5.8.0
4 verbose run-script [ 'pretest', 'test', 'posttest' ]
5 info lifecycle worthyourweight@1.0.0~pretest: worthyourweight@1.0.0
6 silly lifecycle worthyourweight@1.0.0~pretest: no script for pretest, continuing
7 info lifecycle worthyourweight@1.0.0~test: worthyourweight@1.0.0
8 verbose lifecycle worthyourweight@1.0.0~test: unsafe-perm in lifecycle true
9 verbose lifecycle worthyourweight@1.0.0~test: PATH: /Users/apprentice/.nvm/versions/node/v5.8.0/lib/node_modules/npm/bin/node-gyp-bin:/Users/apprentice/roa/worthyourweight/node_modules/.bin:/Users/apprentice/.nvm/versions/node/v5.8.0/bin:/Users/apprentice/.nvm/versions/node/v5.8.0/bin:/Users/apprentice/.rbenv/shims:/usr/local/bin:/usr/local/bin:/usr/bin:/bin:/usr/sbin:/sbin
10 verbose lifecycle worthyourweight@1.0.0~test: CWD: /Users/apprentice/roa/worthyourweight
11 silly lifecycle worthyourweight@1.0.0~test: Args: [ '-c', 'clear && node test/**/**.js |tap-spec' ]
12 silly lifecycle worthyourweight@1.0.0~test: Returned: code: 1  signal: null
13 info lifecycle worthyourweight@1.0.0~test: Failed to exec test script
14 verbose stack Error: worthyourweight@1.0.0 test: `clear && node test/**/**.js |tap-spec`
14 verbose stack Exit status 1
14 verbose stack     at EventEmitter.<anonymous> (/Users/apprentice/.nvm/versions/node/v5.8.0/lib/node_modules/npm/lib/utils/lifecycle.js:239:16)
14 verbose stack     at emitTwo (events.js:100:13)
14 verbose stack     at EventEmitter.emit (events.js:185:7)
14 verbose stack     at ChildProcess.<anonymous> (/Users/apprentice/.nvm/versions/node/v5.8.0/lib/node_modules/npm/lib/utils/spawn.js:24:14)
14 verbose stack     at emitTwo (events.js:100:13)
14 verbose stack     at ChildProcess.emit (events.js:185:7)
14 verbose stack     at maybeClose (internal/child_process.js:850:16)
14 verbose stack     at Process.ChildProcess._handle.onexit (internal/child_process.js:215:5)
15 verbose pkgid worthyourweight@1.0.0
16 verbose cwd /Users/apprentice/roa/worthyourweight
17 error Darwin 14.1.0
18 error argv "/Users/apprentice/.nvm/versions/node/v5.8.0/bin/node" "/Users/apprentice/.nvm/versions/node/v5.8.0/bin/npm" "run" "test"
19 error node v5.8.0
20 error npm  v3.7.3
21 error code ELIFECYCLE
22 error worthyourweight@1.0.0 test: `clear && node test/**/**.js |tap-spec`
22 error Exit status 1
23 error Failed at the worthyourweight@1.0.0 test script 'clear && node test/**/**.js |tap-spec'.
23 error Make sure you have the latest version of node.js and npm installed.
23 error If you do, this is most likely a problem with the worthyourweight package,
23 error not with npm itself.
23 error Tell the author that this fails on your system:
23 error     clear && node test/**/**.js |tap-spec
23 error You can get information on how to open an issue for this project with:
23 error     npm bugs worthyourweight
23 error Or if that isn't available, you can get their info via:
23 error     npm owner ls worthyourweight
23 error There is likely additional logging output above.
24 verbose exit [ 1, true ]
